This is pdfTeX, Version 3.141592653-2.6-1.40.25 (TeX Live 2023) (preloaded format=pdflatex 2023.5.1)  29 MAY 2023 16:04
entering extended mode
 \write18 enabled.
 %&-line parsing enabled.
**conference_101719.tex
(./conference_101719.tex
LaTeX2e <2022-11-01> patch level 1
L3 programming layer <2023-04-20>
(c:/codesoft/texlive/2023/texmf-dist/tex/latex/ieeetran/IEEEtran.cls
Document Class: IEEEtran 2015/08/26 V1.8b by Michael Shell
-- See the "IEEEtran_HOWTO" manual for usage information.
-- http://www.michaelshell.org/tex/ieeetran/
\@IEEEtrantmpdimenA=\dimen140
\@IEEEtrantmpdimenB=\dimen141
\@IEEEtrantmpdimenC=\dimen142
\@IEEEtrantmpcountA=\count185
\@IEEEtrantmpcountB=\count186
\@IEEEtrantmpcountC=\count187
\@IEEEtrantmptoksA=\toks16
LaTeX Font Info:    Trying to load font information for OT1+ptm on input line 5
03.
(c:/codesoft/texlive/2023/texmf-dist/tex/latex/psnfss/ot1ptm.fd
File: ot1ptm.fd 2001/06/04 font definitions for OT1/ptm.
)
-- Using 8.5in x 11in (letter) paper.
-- Using PDF output.
\@IEEEnormalsizeunitybaselineskip=\dimen143
-- This is a 10 point document.
\CLASSINFOnormalsizebaselineskip=\dimen144
\CLASSINFOnormalsizeunitybaselineskip=\dimen145
\IEEEnormaljot=\dimen146
LaTeX Font Info:    Font shape `OT1/ptm/bx/n' in size <5> not available
(Font)              Font shape `OT1/ptm/b/n' tried instead on input line 1090.
LaTeX Font Info:    Font shape `OT1/ptm/bx/it' in size <5> not available
(Font)              Font shape `OT1/ptm/b/it' tried instead on input line 1090.

LaTeX Font Info:    Font shape `OT1/ptm/bx/n' in size <7> not available
(Font)              Font shape `OT1/ptm/b/n' tried instead on input line 1090.
LaTeX Font Info:    Font shape `OT1/ptm/bx/it' in size <7> not available
(Font)              Font shape `OT1/ptm/b/it' tried instead on input line 1090.

LaTeX Font Info:    Font shape `OT1/ptm/bx/n' in size <8> not available
(Font)              Font shape `OT1/ptm/b/n' tried instead on input line 1090.
LaTeX Font Info:    Font shape `OT1/ptm/bx/it' in size <8> not available
(Font)              Font shape `OT1/ptm/b/it' tried instead on input line 1090.

LaTeX Font Info:    Font shape `OT1/ptm/bx/n' in size <9> not available
(Font)              Font shape `OT1/ptm/b/n' tried instead on input line 1090.
LaTeX Font Info:    Font shape `OT1/ptm/bx/it' in size <9> not available
(Font)              Font shape `OT1/ptm/b/it' tried instead on input line 1090.

LaTeX Font Info:    Font shape `OT1/ptm/bx/n' in size <10> not available
(Font)              Font shape `OT1/ptm/b/n' tried instead on input line 1090.
LaTeX Font Info:    Font shape `OT1/ptm/bx/it' in size <10> not available
(Font)              Font shape `OT1/ptm/b/it' tried instead on input line 1090.

LaTeX Font Info:    Font shape `OT1/ptm/bx/n' in size <11> not available
(Font)              Font shape `OT1/ptm/b/n' tried instead on input line 1090.
LaTeX Font Info:    Font shape `OT1/ptm/bx/it' in size <11> not available
(Font)              Font shape `OT1/ptm/b/it' tried instead on input line 1090.

LaTeX Font Info:    Font shape `OT1/ptm/bx/n' in size <12> not available
(Font)              Font shape `OT1/ptm/b/n' tried instead on input line 1090.
LaTeX Font Info:    Font shape `OT1/ptm/bx/it' in size <12> not available
(Font)              Font shape `OT1/ptm/b/it' tried instead on input line 1090.

LaTeX Font Info:    Font shape `OT1/ptm/bx/n' in size <17> not available
(Font)              Font shape `OT1/ptm/b/n' tried instead on input line 1090.
LaTeX Font Info:    Font shape `OT1/ptm/bx/it' in size <17> not available
(Font)              Font shape `OT1/ptm/b/it' tried instead on input line 1090.

LaTeX Font Info:    Font shape `OT1/ptm/bx/n' in size <20> not available
(Font)              Font shape `OT1/ptm/b/n' tried instead on input line 1090.
LaTeX Font Info:    Font shape `OT1/ptm/bx/it' in size <20> not available
(Font)              Font shape `OT1/ptm/b/it' tried instead on input line 1090.

LaTeX Font Info:    Font shape `OT1/ptm/bx/n' in size <24> not available
(Font)              Font shape `OT1/ptm/b/n' tried instead on input line 1090.
LaTeX Font Info:    Font shape `OT1/ptm/bx/it' in size <24> not available
(Font)              Font shape `OT1/ptm/b/it' tried instead on input line 1090.

\IEEEquantizedlength=\dimen147
\IEEEquantizedlengthdiff=\dimen148
\IEEEquantizedtextheightdiff=\dimen149
\IEEEilabelindentA=\dimen150
\IEEEilabelindentB=\dimen151
\IEEEilabelindent=\dimen152
\IEEEelabelindent=\dimen153
\IEEEdlabelindent=\dimen154
\IEEElabelindent=\dimen155
\IEEEiednormlabelsep=\dimen156
\IEEEiedmathlabelsep=\dimen157
\IEEEiedtopsep=\skip48
\c@section=\count188
\c@subsection=\count189
\c@subsubsection=\count190
\c@paragraph=\count191
\c@IEEEsubequation=\count192
\abovecaptionskip=\skip49
\belowcaptionskip=\skip50
\c@figure=\count193
\c@table=\count194
\@IEEEeqnnumcols=\count195
\@IEEEeqncolcnt=\count196
\@IEEEsubeqnnumrollback=\count197
\@IEEEquantizeheightA=\dimen158
\@IEEEquantizeheightB=\dimen159
\@IEEEquantizeheightC=\dimen160
\@IEEEquantizeprevdepth=\dimen161
\@IEEEquantizemultiple=\count198
\@IEEEquantizeboxA=\box51
\@IEEEtmpitemindent=\dimen162
\IEEEPARstartletwidth=\dimen163
\c@IEEEbiography=\count199
\@IEEEtranrubishbin=\box52
)
** ATTENTION: Overriding command lockouts (line 2).
(c:/codesoft/texlive/2023/texmf-dist/tex/latex/cite/cite.sty
LaTeX Info: Redefining \cite on input line 302.
LaTeX Info: Redefining \nocite on input line 332.
Package: cite 2015/02/27  v 5.5
)
(c:/codesoft/texlive/2023/texmf-dist/tex/latex/amsmath/amsmath.sty
Package: amsmath 2022/04/08 v2.17n AMS math features
\@mathmargin=\skip51

For additional information on amsmath, use the `?' option.
(c:/codesoft/texlive/2023/texmf-dist/tex/latex/amsmath/amstext.sty
Package: amstext 2021/08/26 v2.01 AMS text

(c:/codesoft/texlive/2023/texmf-dist/tex/latex/amsmath/amsgen.sty
File: amsgen.sty 1999/11/30 v2.0 generic functions
\@emptytoks=\toks17
\ex@=\dimen164
))
(c:/codesoft/texlive/2023/texmf-dist/tex/latex/amsmath/amsbsy.sty
Package: amsbsy 1999/11/29 v1.2d Bold Symbols
\pmbraise@=\dimen165
)
(c:/codesoft/texlive/2023/texmf-dist/tex/latex/amsmath/amsopn.sty
Package: amsopn 2022/04/08 v2.04 operator names
)
\inf@bad=\count266
LaTeX Info: Redefining \frac on input line 234.
\uproot@=\count267
\leftroot@=\count268
LaTeX Info: Redefining \overline on input line 399.
LaTeX Info: Redefining \colon on input line 410.
\classnum@=\count269
\DOTSCASE@=\count270
LaTeX Info: Redefining \ldots on input line 496.
LaTeX Info: Redefining \dots on input line 499.
LaTeX Info: Redefining \cdots on input line 620.
\Mathstrutbox@=\box53
\strutbox@=\box54
LaTeX Info: Redefining \big on input line 722.
LaTeX Info: Redefining \Big on input line 723.
LaTeX Info: Redefining \bigg on input line 724.
LaTeX Info: Redefining \Bigg on input line 725.
\big@size=\dimen166
LaTeX Font Info:    Redeclaring font encoding OML on input line 743.
LaTeX Font Info:    Redeclaring font encoding OMS on input line 744.
\macc@depth=\count271
LaTeX Info: Redefining \bmod on input line 905.
LaTeX Info: Redefining \pmod on input line 910.
LaTeX Info: Redefining \smash on input line 940.
LaTeX Info: Redefining \relbar on input line 970.
LaTeX Info: Redefining \Relbar on input line 971.
\c@MaxMatrixCols=\count272
\dotsspace@=\muskip16
\c@parentequation=\count273
\dspbrk@lvl=\count274
\tag@help=\toks18
\row@=\count275
\column@=\count276
\maxfields@=\count277
\andhelp@=\toks19
\eqnshift@=\dimen167
\alignsep@=\dimen168
\tagshift@=\dimen169
\tagwidth@=\dimen170
\totwidth@=\dimen171
\lineht@=\dimen172
\@envbody=\toks20
\multlinegap=\skip52
\multlinetaggap=\skip53
\mathdisplay@stack=\toks21
LaTeX Info: Redefining \[ on input line 2953.
LaTeX Info: Redefining \] on input line 2954.
)
(c:/codesoft/texlive/2023/texmf-dist/tex/latex/amsfonts/amssymb.sty
Package: amssymb 2013/01/14 v3.01 AMS font symbols

(c:/codesoft/texlive/2023/texmf-dist/tex/latex/amsfonts/amsfonts.sty
Package: amsfonts 2013/01/14 v3.01 Basic AMSFonts support
\symAMSa=\mathgroup4
\symAMSb=\mathgroup5
LaTeX Font Info:    Redeclaring math symbol \hbar on input line 98.
LaTeX Font Info:    Overwriting math alphabet `\mathfrak' in version `bold'
(Font)                  U/euf/m/n --> U/euf/b/n on input line 106.
))
(c:/codesoft/texlive/2023/texmf-dist/tex/latex/algorithms/algorithmic.sty
Package: algorithmic 2009/08/24 v0.1 Document Style `algorithmic'

(c:/codesoft/texlive/2023/texmf-dist/tex/latex/base/ifthen.sty
Package: ifthen 2022/04/13 v1.1d Standard LaTeX ifthen package (DPC)
)
(c:/codesoft/texlive/2023/texmf-dist/tex/latex/graphics/keyval.sty
Package: keyval 2022/05/29 v1.15 key=value parser (DPC)
\KV@toks@=\toks22
)
\c@ALC@unique=\count278
\c@ALC@line=\count279
\c@ALC@rem=\count280
\c@ALC@depth=\count281
\ALC@tlm=\skip54
\algorithmicindent=\skip55
)
(c:/codesoft/texlive/2023/texmf-dist/tex/latex/graphics/graphicx.sty
Package: graphicx 2021/09/16 v1.2d Enhanced LaTeX Graphics (DPC,SPQR)

(c:/codesoft/texlive/2023/texmf-dist/tex/latex/graphics/graphics.sty
Package: graphics 2022/03/10 v1.4e Standard LaTeX Graphics (DPC,SPQR)

(c:/codesoft/texlive/2023/texmf-dist/tex/latex/graphics/trig.sty
Package: trig 2021/08/11 v1.11 sin cos tan (DPC)
)
(c:/codesoft/texlive/2023/texmf-dist/tex/latex/graphics-cfg/graphics.cfg
File: graphics.cfg 2016/06/04 v1.11 sample graphics configuration
)
Package graphics Info: Driver file: pdftex.def on input line 107.

(c:/codesoft/texlive/2023/texmf-dist/tex/latex/graphics-def/pdftex.def
File: pdftex.def 2022/09/22 v1.2b Graphics/color driver for pdftex
))
\Gin@req@height=\dimen173
\Gin@req@width=\dimen174
)
(c:/codesoft/texlive/2023/texmf-dist/tex/latex/base/textcomp.sty
Package: textcomp 2020/02/02 v2.0n Standard LaTeX package
)
(c:/codesoft/texlive/2023/texmf-dist/tex/latex/xcolor/xcolor.sty
Package: xcolor 2022/06/12 v2.14 LaTeX color extensions (UK)

(c:/codesoft/texlive/2023/texmf-dist/tex/latex/graphics-cfg/color.cfg
File: color.cfg 2016/01/02 v1.6 sample color configuration
)
Package xcolor Info: Driver file: pdftex.def on input line 227.

(c:/codesoft/texlive/2023/texmf-dist/tex/latex/graphics/mathcolor.ltx)
Package xcolor Info: Model `cmy' substituted by `cmy0' on input line 1353.
Package xcolor Info: Model `hsb' substituted by `rgb' on input line 1357.
Package xcolor Info: Model `RGB' extended on input line 1369.
Package xcolor Info: Model `HTML' substituted by `rgb' on input line 1371.
Package xcolor Info: Model `Hsb' substituted by `hsb' on input line 1372.
Package xcolor Info: Model `tHsb' substituted by `hsb' on input line 1373.
Package xcolor Info: Model `HSB' substituted by `hsb' on input line 1374.
Package xcolor Info: Model `Gray' substituted by `gray' on input line 1375.
Package xcolor Info: Model `wave' substituted by `hsb' on input line 1376.
)
(c:/codesoft/texlive/2023/texmf-dist/tex/latex/float/float.sty
Package: float 2001/11/08 v1.3d Float enhancements (AL)
\c@float@type=\count282
\float@exts=\toks23
\float@box=\box55
\@float@everytoks=\toks24
\@floatcapt=\box56
)
(c:/codesoft/texlive/2023/texmf-dist/tex/latex/minted/minted.sty
Package: minted 2022/12/12 v2.7 Yet another Pygments shim for LaTeX

(c:/codesoft/texlive/2023/texmf-dist/tex/latex/kvoptions/kvoptions.sty
Package: kvoptions 2022-06-15 v3.15 Key value format for package options (HO)

(c:/codesoft/texlive/2023/texmf-dist/tex/generic/ltxcmds/ltxcmds.sty
Package: ltxcmds 2020-05-10 v1.25 LaTeX kernel commands for general use (HO)
)
(c:/codesoft/texlive/2023/texmf-dist/tex/latex/kvsetkeys/kvsetkeys.sty
Package: kvsetkeys 2022-10-05 v1.19 Key value parser (HO)
))
(c:/codesoft/texlive/2023/texmf-dist/tex/latex/fvextra/fvextra.sty
Package: fvextra 2022/11/30 v1.5 fvextra - extensions and patches for fancyvrb

(c:/codesoft/texlive/2023/texmf-dist/tex/latex/etoolbox/etoolbox.sty
Package: etoolbox 2020/10/05 v2.5k e-TeX tools for LaTeX (JAW)
\etb@tempcnta=\count283
)
(c:/codesoft/texlive/2023/texmf-dist/tex/latex/fancyvrb/fancyvrb.sty
Package: fancyvrb 2023/01/19 4.5a verbatim text (tvz,hv)
\FV@CodeLineNo=\count284
\FV@InFile=\read2
\FV@TabBox=\box57
\c@FancyVerbLine=\count285
\FV@StepNumber=\count286
\FV@OutFile=\write3
)
(c:/codesoft/texlive/2023/texmf-dist/tex/latex/upquote/upquote.sty
Package: upquote 2012/04/19 v1.3 upright-quote and grave-accent glyphs in verba
tim
)
(c:/codesoft/texlive/2023/texmf-dist/tex/latex/lineno/lineno.sty
Package: lineno 2023/01/19 line numbers on paragraphs v5.1
\linenopenalty=\count287
\output=\toks25
\linenoprevgraf=\count288
\linenumbersep=\dimen175
\linenumberwidth=\dimen176
\c@linenumber=\count289
\c@pagewiselinenumber=\count290
\c@LN@truepage=\count291
\c@internallinenumber=\count292
\c@internallinenumbers=\count293
\quotelinenumbersep=\dimen177
\bframerule=\dimen178
\bframesep=\dimen179
\bframebox=\box58
\linenoamsmath@ams@eqpen=\count294
LaTeX Info: Redefining \\ on input line 3131.
)
\c@FV@TrueTabGroupLevel=\count295
\c@FV@TrueTabCounter=\count296
\FV@TabBox@Group=\box59
\FV@TmpLength=\skip56
\c@FV@HighlightLinesStart=\count297
\c@FV@HighlightLinesStop=\count298
\FV@LoopCount=\count299
\FV@NCharsBox=\box60
\FV@BreakIndent=\dimen180
\FV@BreakIndentNChars=\count300
\FV@BreakSymbolSepLeft=\dimen181
\FV@BreakSymbolSepLeftNChars=\count301
\FV@BreakSymbolSepRight=\dimen182
\FV@BreakSymbolSepRightNChars=\count302
\FV@BreakSymbolIndentLeft=\dimen183
\FV@BreakSymbolIndentLeftNChars=\count303
\FV@BreakSymbolIndentRight=\dimen184
\FV@BreakSymbolIndentRightNChars=\count304
\c@FancyVerbLineBreakLast=\count305
\FV@LineBox=\box61
\FV@LineIndentBox=\box62
\c@FV@BreakBufferDepth=\count306
\FV@LineWidth=\dimen185
)
(c:/codesoft/texlive/2023/texmf-dist/tex/latex/tools/calc.sty
Package: calc 2017/05/25 v4.3 Infix arithmetic (KKT,FJ)
\calc@Acount=\count307
\calc@Bcount=\count308
\calc@Adimen=\dimen186
\calc@Bdimen=\dimen187
\calc@Askip=\skip57
\calc@Bskip=\skip58
LaTeX Info: Redefining \setlength on input line 80.
LaTeX Info: Redefining \addtolength on input line 81.
\calc@Ccount=\count309
\calc@Cskip=\skip59
)
(c:/codesoft/texlive/2023/texmf-dist/tex/latex/tools/shellesc.sty
Package: shellesc 2019/11/08 v1.0c unified shell escape interface for LaTeX
Package shellesc Info: Unrestricted shell escape enabled on input line 75.
)
(c:/codesoft/texlive/2023/texmf-dist/tex/latex/ifplatform/ifplatform.sty
Package: ifplatform 2017/10/13 v0.4a Testing for the operating system

(c:/codesoft/texlive/2023/texmf-dist/tex/generic/pdftexcmds/pdftexcmds.sty
Package: pdftexcmds 2020-06-27 v0.33 Utility functions of pdfTeX for LuaTeX (HO
)

(c:/codesoft/texlive/2023/texmf-dist/tex/generic/infwarerr/infwarerr.sty
Package: infwarerr 2019/12/03 v1.5 Providing info/warning/error messages (HO)
)
(c:/codesoft/texlive/2023/texmf-dist/tex/generic/iftex/iftex.sty
Package: iftex 2022/02/03 v1.0f TeX engine tests
)
Package pdftexcmds Info: \pdf@primitive is available.
Package pdftexcmds Info: \pdf@ifprimitive is available.
Package pdftexcmds Info: \pdfdraftmode found.
)
(c:/codesoft/texlive/2023/texmf-dist/tex/generic/catchfile/catchfile.sty
Package: catchfile 2019/12/09 v1.8 Catch the contents of a file (HO)

(c:/codesoft/texlive/2023/texmf-dist/tex/generic/etexcmds/etexcmds.sty
Package: etexcmds 2019/12/15 v1.7 Avoid name clashes with e-TeX commands (HO)
))
(c:/codesoft/texlive/2023/texmf-dist/tex/generic/iftex/ifluatex.sty
Package: ifluatex 2019/10/25 v1.5 ifluatex legacy package. Use iftex instead.
))
(c:/codesoft/texlive/2023/texmf-dist/tex/generic/xstring/xstring.sty
(c:/codesoft/texlive/2023/texmf-dist/tex/generic/xstring/xstring.tex
\integerpart=\count310
\decimalpart=\count311
)
Package: xstring 2023/01/14 v1.85 String manipulations (CT)
)
(c:/codesoft/texlive/2023/texmf-dist/tex/latex/framed/framed.sty
Package: framed 2011/10/22 v 0.96: framed or shaded text with page breaks
\OuterFrameSep=\skip60
\fb@frw=\dimen188
\fb@frh=\dimen189
\FrameRule=\dimen190
\FrameSep=\dimen191
)
\minted@appexistsfile=\read3
\minted@bgbox=\box63
\minted@code=\write4
\c@minted@FancyVerbLineTemp=\count312
\c@minted@pygmentizecounter=\count313
\@float@every@listing=\toks26
\c@listing=\count314
)
runsystem(if not exist _minted-conference_101719 mkdir _minted-conference_10171
9)...executed.


(c:/codesoft/texlive/2023/texmf-dist/tex/latex/sttools/cuted.sty
Package: cuted 2021/10/04 v2.0 Mixing onecolumn and twocolumn modes
\At@ViperColsBreak=\toks27
\preCutedStrip=\toks28
\postCutedStrip=\toks29
\cuted@@tempbox@a=\box64
\cuted@@tempbox@c=\box65
\cuted@@tempbox@var=\box66
\hold@viper=\box67
\@viper=\box68
\cuted@@varbox@a=\box69
\cuted@@varbox@c=\box70
\cuted@@tempdim@spread=\dimen192
\cuted@@tempdim@a=\dimen193
\cuted@@tempdim@b=\dimen194
\ht@hold@viper=\dimen195
\ht@viper=\dimen196
\var@@pagediscards@ht=\dimen197
\stripsep=\skip61
\viper@penalty=\count315
)
(c:/codesoft/texlive/2023/texmf-dist/tex/latex/tools/longtable.sty
Package: longtable 2021-09-01 v4.17 Multi-page Table package (DPC)
\LTleft=\skip62
\LTright=\skip63
\LTpre=\skip64
\LTpost=\skip65
\LTchunksize=\count316
\LTcapwidth=\dimen198
\LT@head=\box71
\LT@firsthead=\box72
\LT@foot=\box73
\LT@lastfoot=\box74
\LT@gbox=\box75
\LT@cols=\count317
\LT@rows=\count318
\c@LT@tables=\count319
\c@LT@chunks=\count320
\LT@p@ftn=\toks30
)
runsystem(for ^%i in (pygmentize.exe pygmentize.bat pygmentize.cmd) do set > co
nference_101719.aex <nul: /p x=^%~$PATH:i>> conference_101719.aex)...executed.

runsystem(del conference_101719.aex)...executed.


(c:/codesoft/texlive/2023/texmf-dist/tex/latex/l3backend/l3backend-pdftex.def
File: l3backend-pdftex.def 2023-04-19 L3 backend support: PDF output (pdfTeX)
\l__color_backend_stack_int=\count321
\l__pdf_internal_box=\box76
)
(./conference_101719.aux)
\openout1 = `conference_101719.aux'.

LaTeX Font Info:    Checking defaults for OML/cmm/m/it on input line 18.
LaTeX Font Info:    ... okay on input line 18.
LaTeX Font Info:    Checking defaults for OMS/cmsy/m/n on input line 18.
LaTeX Font Info:    ... okay on input line 18.
LaTeX Font Info:    Checking defaults for OT1/cmr/m/n on input line 18.
LaTeX Font Info:    ... okay on input line 18.
LaTeX Font Info:    Checking defaults for T1/cmr/m/n on input line 18.
LaTeX Font Info:    ... okay on input line 18.
LaTeX Font Info:    Checking defaults for TS1/cmr/m/n on input line 18.
LaTeX Font Info:    ... okay on input line 18.
LaTeX Font Info:    Checking defaults for OMX/cmex/m/n on input line 18.
LaTeX Font Info:    ... okay on input line 18.
LaTeX Font Info:    Checking defaults for U/cmr/m/n on input line 18.
LaTeX Font Info:    ... okay on input line 18.

-- Lines per column: 56 (exact).
(c:/codesoft/texlive/2023/texmf-dist/tex/context/base/mkii/supp-pdf.mkii
[Loading MPS to PDF converter (version 2006.09.02).]
\scratchcounter=\count322
\scratchdimen=\dimen199
\scratchbox=\box77
\nofMPsegments=\count323
\nofMParguments=\count324
\everyMPshowfont=\toks31
\MPscratchCnt=\count325
\MPscratchDim=\dimen256
\MPnumerator=\count326
\makeMPintoPDFobject=\count327
\everyMPtoPDFconversion=\toks32
) (c:/codesoft/texlive/2023/texmf-dist/tex/latex/epstopdf-pkg/epstopdf-base.sty
Package: epstopdf-base 2020-01-24 v2.11 Base part for package epstopdf
Package epstopdf-base Info: Redefining graphics rule for `.eps' on input line 4
85.
(c:/codesoft/texlive/2023/texmf-dist/tex/latex/latexconfig/epstopdf-sys.cfg
File: epstopdf-sys.cfg 2010/07/13 v1.3 Configuration of (r)epstopdf for TeX Liv
e
))
(./content/1-introduction.tex) (./content/2-dataset.tex
LaTeX Font Info:    Trying to load font information for U+msa on input line 16.


(c:/codesoft/texlive/2023/texmf-dist/tex/latex/amsfonts/umsa.fd
File: umsa.fd 2013/01/14 v3.01 AMS symbols A
)
LaTeX Font Info:    Trying to load font information for U+msb on input line 16.


(c:/codesoft/texlive/2023/texmf-dist/tex/latex/amsfonts/umsb.fd
File: umsb.fd 2013/01/14 v3.01 AMS symbols B
)
\openout3 = `conference_101719.pyg'.


(./_minted-conference_101719/emacs.pygstyle)
(./_minted-conference_101719/81092461FC7ABB15989B05638ADB20ACFFF445051996F46612
E49D37D13EDF4F.pygtex
LaTeX Font Info:    Trying to load font information for OT1+pcr on input line 1
.

(c:/codesoft/texlive/2023/texmf-dist/tex/latex/psnfss/ot1pcr.fd
File: ot1pcr.fd 2001/06/04 font definitions for OT1/pcr.
)) [1{c:/codesoft/texlive/2023/texmf-var/fonts/map/pdftex/updmap/pdftex.map}{c:
/codesoft/texlive/2023/texmf-dist/fonts/enc/dvips/base/8r.enc}


]
<./pic/github.png, id=12, 894.34125pt x 319.1925pt>
File: ./pic/github.png Graphic file (type png)
<use ./pic/github.png>
Package pdftex.def Info: ./pic/github.png  used on input line 49.
(pdftex.def)             Requested size: 232.19843pt x 82.87119pt.

Underfull \hbox (badness 2326) in paragraph at lines 57--58
[]\OT1/ptm/m/n/10 We will give some ex-am-ple of the data for-mat in
 []

) (./content/3-tasks.tex) (./content/4-arch.tex
<./pic/server.png, id=14, 593.21625pt x 201.75375pt>
File: ./pic/server.png Graphic file (type png)
<use ./pic/server.png>
Package pdftex.def Info: ./pic/server.png  used on input line 17.
(pdftex.def)             Requested size: 232.19843pt x 78.96994pt.
<./pic/server-info.png, id=15, 633.36626pt x 312.16624pt>
File: ./pic/server-info.png Graphic file (type png)
<use ./pic/server-info.png>
Package pdftex.def Info: ./pic/server-info.png  used on input line 42.
(pdftex.def)             Requested size: 232.19843pt x 114.44225pt.
 [2 <./pic/github.png> <./pic/server.png>]
<./pic/autoconfig.png, id=21, 669.50125pt x 574.145pt>
File: ./pic/autoconfig.png Graphic file (type png)
<use ./pic/autoconfig.png>
Package pdftex.def Info: ./pic/autoconfig.png  used on input line 55.
(pdftex.def)             Requested size: 258.0pt x 221.26114pt.

Overfull \hbox (6.0pt too wide) in paragraph at lines 55--56
 [][] 
 []

[3 <./pic/server-info.png> <./pic/autoconfig.png>]
<./pic/deploy.png, id=27, 1571.8725pt x 819.06pt>
File: ./pic/deploy.png Graphic file (type png)
<use ./pic/deploy.png>
Package pdftex.def Info: ./pic/deploy.png  used on input line 119.
(pdftex.def)             Requested size: 258.0pt x 134.42668pt.

Overfull \hbox (6.0pt too wide) in paragraph at lines 119--120
 [][] 
 []

<./pic/dataflow.png, id=28, 723.70375pt x 327.2225pt>
File: ./pic/dataflow.png Graphic file (type png)
<use ./pic/dataflow.png>
Package pdftex.def Info: ./pic/dataflow.png  used on input line 150.
(pdftex.def)             Requested size: 206.39685pt x 93.31929pt.
[4 <./pic/deploy.png> <./pic/dataflow.png>]
<./pic/tables.png, id=34, 1809.76125pt x 1900.09875pt>
File: ./pic/tables.png Graphic file (type png)
<use ./pic/tables.png>
Package pdftex.def Info: ./pic/tables.png  used on input line 193.
(pdftex.def)             Requested size: 232.19843pt x 243.77428pt.
<./pic/warehouse.png, id=35, 1915.155pt x 782.925pt>
File: ./pic/warehouse.png Graphic file (type png)
<use ./pic/warehouse.png>
Package pdftex.def Info: ./pic/warehouse.png  used on input line 214.
(pdftex.def)             Requested size: 258.0pt x 105.46333pt.

Overfull \hbox (6.0pt too wide) in paragraph at lines 214--215
 [][] 
 []

[5 <./pic/tables.png> <./pic/warehouse.png>]) (./content/5-result.tex
<pic/vis-1.png, id=41, 708.246pt x 409.53pt>
File: pic/vis-1.png Graphic file (type png)
<use pic/vis-1.png>
Package pdftex.def Info: pic/vis-1.png  used on input line 50.
(pdftex.def)             Requested size: 247.6778pt x 143.21266pt.

Underfull \vbox (badness 3098) has occurred while \output is active []

<pic/vis-2.png, id=42, 525.162pt x 487.22025pt>
File: pic/vis-2.png Graphic file (type png)
<use pic/vis-2.png>
Package pdftex.def Info: pic/vis-2.png  used on input line 62.
(pdftex.def)             Requested size: 247.6778pt x 229.78159pt.
)
(./content/6-summary.tex) [6 <./pic/vis-1.png> <./pic/vis-2.png>]
(./content/7-appendix.tex
\openout3 = `conference_101719.pyg'.


(./_minted-conference_101719/C96BE893B24B068E2E0FBAC243598A45FFF445051996F46612
E49D37D13EDF4F.pygtex)
\openout3 = `conference_101719.pyg'.


(./_minted-conference_101719/B88F67875351BEEDB12CC09D95B8206F0D39D6DBC5FDA4B99A
043B1BFD09270B.pygtex)
\openout3 = `conference_101719.pyg'.


(./_minted-conference_101719/FCC3023E83B7CE9C92C7B73246319D8DFFF445051996F46612
E49D37D13EDF4F.pygtex)
\openout3 = `conference_101719.pyg'.


(./_minted-conference_101719/4A9FBF0902C0B0C702C51FFAC3E2F0390D39D6DBC5FDA4B99A
043B1BFD09270B.pygtex)
\openout3 = `conference_101719.pyg'.


(./_minted-conference_101719/23F7667108D65C2A6BEDA5A0A195E08EFFF445051996F46612
E49D37D13EDF4F.pygtex)
\openout3 = `conference_101719.pyg'.


(./_minted-conference_101719/1ACF4941A49E1AB0F8466F68F65299340D39D6DBC5FDA4B99A
043B1BFD09270B.pygtex
Overfull \hbox (12.00017pt too wide) in paragraph at lines 4--4
[][]\OT1/pcr/m/n/8 "0fde146e8676ab9a4aeafebb1684eb7a44660524"[],|  
 []

)
\openout3 = `conference_101719.pyg'.


(./_minted-conference_101719/3FC84C1972E39F74DAE298A1A065316A0D39D6DBC5FDA4B99A
043B1BFD09270B.pygtex
Overfull \hbox (45.60019pt too wide) in paragraph at lines 15--15
[][]\OT1/pcr/m/n/8 "https://api.github.com/repos/rspt/rspt[]theme"[]|  
 []


Overfull \hbox (31.20018pt too wide) in paragraph at lines 22--22
[][]\OT1/pcr/m/n/8 "6b089eb4a43f728f0a594388092f480f2ecacfcd"[],|  
 []


Overfull \hbox (31.20018pt too wide) in paragraph at lines 23--23
[][]\OT1/pcr/m/n/8 "437c03652caa0bc4a7554b18d5c0a394c2f3d326"[],|  
 []

) [7]
<./pic/continuous.png, id=55, 429.40425pt x 191.5155pt>
File: ./pic/continuous.png Graphic file (type png)
<use ./pic/continuous.png>
Package pdftex.def Info: ./pic/continuous.png  used on input line 215.
(pdftex.def)             Requested size: 232.19843pt x 103.56293pt.
<./pic/cpu.png, id=56, 440.847pt x 183.68625pt>
File: ./pic/cpu.png Graphic file (type png)
<use ./pic/cpu.png>
Package pdftex.def Info: ./pic/cpu.png  used on input line 223.
(pdftex.def)             Requested size: 232.19843pt x 96.74782pt.
<./pic/ddos.png, id=57, 428.802pt x 189.70876pt>
File: ./pic/ddos.png Graphic file (type png)
<use ./pic/ddos.png>
Package pdftex.def Info: ./pic/ddos.png  used on input line 231.
(pdftex.def)             Requested size: 232.19843pt x 102.72777pt.
<./pic/secsta.png, id=58, 731.73375pt x 308.95425pt>
File: ./pic/secsta.png Graphic file (type png)
<use ./pic/secsta.png>
Package pdftex.def Info: ./pic/secsta.png  used on input line 239.
(pdftex.def)             Requested size: 258.0pt x 108.93231pt.

Overfull \hbox (6.0pt too wide) in paragraph at lines 239--240
 [][] 
 []

)

** Conference Paper **
Before submitting the final camera ready copy, remember to:

 1. Manually equalize the lengths of two columns on the last page
 of your paper;

 2. Ensure that any PostScript and/or PDF output post-processing
 uses only Type 1 fonts and that every step in the generation
 process uses the appropriate paper size.

[8 <./pic/continuous.png> <./pic/cpu.png> <./pic/ddos.png> <./pic/secsta.png>]
(./conference_101719.aux)
runsystem(del conference_101719.pyg)...executed.

 ) 
Here is how much of TeX's memory you used:
 8507 strings out of 476001
 158263 string characters out of 5788707
 1894068 words of memory out of 5000000
 28778 multiletter control sequences out of 15000+600000
 552058 words of font info for 109 fonts, out of 8000000 for 9000
 1141 hyphenation exceptions out of 8191
 77i,9n,76p,1009b,635s stack positions out of 10000i,1000n,20000p,200000b,200000s
<c:/codesoft/texlive/2023/texmf-dist/fonts/type1/public/amsfonts/cm/cmmi5.pfb
><c:/codesoft/texlive/2023/texmf-dist/fonts/type1/public/amsfonts/cm/cmsy5.pfb>
<c:/codesoft/texlive/2023/texmf-dist/fonts/type1/public/amsfonts/cm/cmsy7.pfb><
c:/codesoft/texlive/2023/texmf-dist/fonts/type1/urw/courier/ucrb8a.pfb><c:/code
soft/texlive/2023/texmf-dist/fonts/type1/urw/courier/ucrr8a.pfb><c:/codesoft/te
xlive/2023/texmf-dist/fonts/type1/urw/times/utmb8a.pfb><c:/codesoft/texlive/202
3/texmf-dist/fonts/type1/urw/times/utmbi8a.pfb><c:/codesoft/texlive/2023/texmf-
dist/fonts/type1/urw/times/utmr8a.pfb><c:/codesoft/texlive/2023/texmf-dist/font
s/type1/urw/times/utmri8a.pfb>
Output written on conference_101719.pdf (8 pages, 1081454 bytes).
PDF statistics:
 106 PDF objects out of 1000 (max. 8388607)
 49 compressed objects within 1 object stream
 0 named destinations out of 1000 (max. 500000)
 71 words of extra memory for PDF output out of 10000 (max. 10000000)

