[CRITICAL]2023-04-02 10:48:08,281 log.py:29: add handler
[CRITICAL]2023-04-02 10:48:08,281 log.py:30: set logger
[CRITICAL]2023-04-02 10:48:08,281 log.py:32: get logger
[INFO]2023-04-02 10:48:08,283 down_save.py:108: find 1existing json files
[INFO]2023-04-02 10:48:08,283 down_save.py:120: 1 new json files should be downloaded
[INFO]2023-04-02 10:48:08,283 down_save.py:38: download data from https://data.gharchive.org/2023-04-02-09.json.gz
[ERROR]2023-04-02 10:48:08,542 down_save.py:49: download data failed, error message: 404 Client Error: Not Found for url: https://data.gharchive.org/2023-04-02-09.json.gz
[CRITICAL]2023-04-02 10:51:51,947 log.py:29: add handler
[CRITICAL]2023-04-02 10:51:51,948 log.py:30: set logger
[CRITICAL]2023-04-02 10:51:51,958 log.py:32: get logger
[INFO]2023-04-02 10:51:51,958 down_save.py:108: find 2 existing json files
[INFO]2023-04-02 10:51:54,066 down_save.py:123: 1 new json files should be downloaded
[INFO]2023-04-02 10:51:54,066 down_save.py:38: download data from https://data.gharchive.org/2023-04-01-23.json.gz
[INFO]2023-04-02 10:51:56,150 down_save.py:52: https://data.gharchive.org/2023-04-01-23.json.gz download success
[CRITICAL]2023-04-02 10:54:01,317 log.py:29: add handler
[CRITICAL]2023-04-02 10:54:01,318 log.py:30: set logger
[CRITICAL]2023-04-02 10:54:01,318 log.py:32: get logger
[INFO]2023-04-02 10:54:01,318 down_save.py:109: find 4 existing json files
[INFO]2023-04-02 10:54:03,610 down_save.py:124: 1 new json files should be downloaded
[INFO]2023-04-02 10:54:03,610 down_save.py:38: download data from https://data.gharchive.org/2023-04-01-22.json.gz
[INFO]2023-04-02 10:54:06,238 down_save.py:52: https://data.gharchive.org/2023-04-01-22.json.gz download success
[CRITICAL]2023-04-02 10:55:29,761 log.py:29: add handler
[CRITICAL]2023-04-02 10:55:29,762 log.py:30: set logger
[CRITICAL]2023-04-02 10:55:29,762 log.py:32: get logger
[INFO]2023-04-02 10:55:29,763 down_save.py:109: find 6 existing json files
[INFO]2023-04-02 10:55:31,818 down_save.py:124: 1 new json files should be downloaded
[INFO]2023-04-02 10:55:31,818 down_save.py:38: download data from https://data.gharchive.org/2023-04-01-21.json.gz
[INFO]2023-04-02 10:55:33,156 down_save.py:52: https://data.gharchive.org/2023-04-01-21.json.gz download success
[CRITICAL]2023-04-02 10:56:04,851 log.py:29: add handler
[CRITICAL]2023-04-02 10:56:04,851 log.py:30: set logger
[CRITICAL]2023-04-02 10:56:04,852 log.py:32: get logger
[INFO]2023-04-02 10:56:04,852 down_save.py:109: find 8 existing json files
[INFO]2023-04-02 10:56:06,918 down_save.py:124: 1 new json files should be downloaded
[INFO]2023-04-02 10:56:06,919 down_save.py:38: download data from https://data.gharchive.org/2023-04-01-20.json.gz
[INFO]2023-04-02 10:56:08,503 down_save.py:52: https://data.gharchive.org/2023-04-01-20.json.gz download success
[CRITICAL]2023-04-02 10:59:16,578 log.py:29: add handler
[CRITICAL]2023-04-02 10:59:16,579 log.py:30: set logger
[CRITICAL]2023-04-02 10:59:16,579 log.py:32: get logger
[INFO]2023-04-02 10:59:16,579 down_save.py:111: find 10 existing json files
[INFO]2023-04-02 10:59:18,744 down_save.py:126: 1 new json files should be downloaded
[INFO]2023-04-02 10:59:18,744 down_save.py:39: download data from https://data.gharchive.org/2023-04-01-19.json.gz
[INFO]2023-04-02 10:59:20,991 down_save.py:53: https://data.gharchive.org/2023-04-01-19.json.gz download success
[CRITICAL]2023-04-02 10:59:30,773 log.py:29: add handler
[CRITICAL]2023-04-02 10:59:30,773 log.py:30: set logger
[CRITICAL]2023-04-02 10:59:30,773 log.py:32: get logger
[INFO]2023-04-02 10:59:30,773 down_save.py:111: find 12 existing json files
[INFO]2023-04-02 10:59:32,998 down_save.py:126: 1 new json files should be downloaded
[INFO]2023-04-02 10:59:32,998 down_save.py:39: download data from https://data.gharchive.org/2023-04-01-18.json.gz
[INFO]2023-04-02 10:59:34,371 down_save.py:53: https://data.gharchive.org/2023-04-01-18.json.gz download success
[CRITICAL]2023-04-02 13:31:04,665 log.py:29: add handler
[CRITICAL]2023-04-02 13:31:04,665 log.py:30: set logger
[CRITICAL]2023-04-02 13:31:04,665 log.py:32: get logger
[INFO]2023-04-02 13:31:04,665 down_save.py:127: find 14 existing json files
[INFO]2023-04-02 13:31:07,933 down_save.py:142: 1 new json files should be downloaded
[INFO]2023-04-02 13:31:07,934 down_save.py:41: download data from https://data.gharchive.org/2023-04-01-17.json.gz
[INFO]2023-04-02 13:31:14,577 down_save.py:55: https://data.gharchive.org/2023-04-01-17.json.gz download success
[CRITICAL]2023-04-02 13:31:57,508 log.py:29: add handler
[CRITICAL]2023-04-02 13:31:57,508 log.py:30: set logger
[CRITICAL]2023-04-02 13:31:57,508 log.py:32: get logger
[INFO]2023-04-02 13:31:57,508 down_save.py:128: find 15 existing json files
[INFO]2023-04-02 13:32:00,537 down_save.py:143: 1 new json files should be downloaded
[INFO]2023-04-02 13:32:00,538 down_save.py:41: download data from https://data.gharchive.org/2023-04-01-16.json.gz
[INFO]2023-04-02 13:32:05,782 down_save.py:55: https://data.gharchive.org/2023-04-01-16.json.gz download success
[CRITICAL]2023-04-02 14:53:35,985 log.py:29: add handler
[CRITICAL]2023-04-02 14:53:35,985 log.py:30: set logger
[CRITICAL]2023-04-02 14:53:35,985 log.py:32: get logger
[INFO]2023-04-02 14:53:35,986 down_save.py:130: find 0 existing json files
[INFO]2023-04-02 14:53:39,042 down_save.py:145: 1 new json files should be downloaded
[INFO]2023-04-02 14:53:39,043 down_save.py:41: download data from https://data.gharchive.org/2023-04-01-23.json.gz
[INFO]2023-04-02 14:53:41,819 down_save.py:55: https://data.gharchive.org/2023-04-01-23.json.gz download success
